<?xml version="1.0" encoding="UTF-8"?>
<testsuite xmlns:xsi="http://www.w3.org/2001/XMLSchema-instance" xsi:noNamespaceSchemaLocation="https://maven.apache.org/surefire/maven-surefire-plugin/xsd/surefire-test-report.xsd" name="elisaverza.NewSerializeWriterTest" time="0.108" tests="5" errors="3" skipped="0" failures="0">
  <properties>
[...]
</properties>
  <testcase name="[0] A, 156, 345, A156 (test_0)" classname="elisaverza.NewSerializeWriterTest" time="0.002"/>
  <testcase name="[0] -1, -1 (test_1)" classname="elisaverza.NewSerializeWriterTest" time="0.001"/>
  <testcase name="[0] -1, &apos;,&apos;, &quot;-1,&quot; (test_4)" classname="elisaverza.NewSerializeWriterTest" time="0.001">
    <error message="wrong number of arguments" type="java.lang.IllegalArgumentException">java.lang.IllegalArgumentException: wrong number of arguments
</error>
    <system-err><![CDATA[java.lang.IllegalArgumentException: Cannot parse parameters. Did you use ',' or '|' as column separator? -1, ',', "-1,"
	at junitparams.internal.InvokeParameterisedMethod.castParamsFromString(InvokeParameterisedMethod.java:51)
	at junitparams.internal.InvokeParameterisedMethod.<init>(InvokeParameterisedMethod.java:36)
	at junitparams.internal.ParameterisedTestClassRunner.buildMethodInvoker(ParameterisedTestClassRunner.java:125)
	at junitparams.internal.ParameterisedTestClassRunner.parameterisedMethodInvoker(ParameterisedTestClassRunner.java:118)
	at junitparams.JUnitParamsRunner.methodInvoker(JUnitParamsRunner.java:448)
	at org.junit.runners.BlockJUnit4ClassRunner.methodBlock(BlockJUnit4ClassRunner.java:251)
	at junitparams.JUnitParamsRunner.runChild(JUnitParamsRunner.java:417)
	at junitparams.JUnitParamsRunner.runChild(JUnitParamsRunner.java:386)
	at org.junit.runners.ParentRunner$3.run(ParentRunner.java:238)
	at org.junit.runners.ParentRunner$1.schedule(ParentRunner.java:63)
	at org.junit.runners.ParentRunner.runChildren(ParentRunner.java:236)
	at org.junit.runners.ParentRunner.access$000(ParentRunner.java:53)
	at org.junit.runners.ParentRunner$2.evaluate(ParentRunner.java:229)
	at org.junit.runners.ParentRunner.run(ParentRunner.java:309)
	at org.apache.maven.surefire.junit4.JUnit4Provider.execute(JUnit4Provider.java:365)
	at org.apache.maven.surefire.junit4.JUnit4Provider.executeWithRerun(JUnit4Provider.java:273)
	at org.apache.maven.surefire.junit4.JUnit4Provider.executeTestSet(JUnit4Provider.java:238)
	at org.apache.maven.surefire.junit4.JUnit4Provider.invoke(JUnit4Provider.java:159)
	at org.apache.maven.surefire.booter.ForkedBooter.invokeProviderInSameClassLoader(ForkedBooter.java:384)
	at org.apache.maven.surefire.booter.ForkedBooter.runSuitesInProcess(ForkedBooter.java:345)
	at org.apache.maven.surefire.booter.ForkedBooter.execute(ForkedBooter.java:126)
	at org.apache.maven.surefire.booter.ForkedBooter.main(ForkedBooter.java:418)
Caused by: java.lang.IllegalArgumentException: Number of parameters inside @Parameters annotation doesn't match the number of test method parameters.
There are 5 parameters in annotation, while there's 3 parameters in the test_4 method.
	at junitparams.internal.InvokeParameterisedMethod.verifySameSizeOfArrays(InvokeParameterisedMethod.java:225)
	at junitparams.internal.InvokeParameterisedMethod.castParamsUsingConverters(InvokeParameterisedMethod.java:107)
	at junitparams.internal.InvokeParameterisedMethod.castParamsFromString(InvokeParameterisedMethod.java:49)
	... 21 more
]]></system-err>
  </testcase>
  <testcase name="[0] -1L, -1 (test_5)" classname="elisaverza.NewSerializeWriterTest" time="0">
    <error message="argument type mismatch" type="java.lang.IllegalArgumentException">java.lang.IllegalArgumentException: argument type mismatch
</error>
    <system-err><![CDATA[java.lang.IllegalArgumentException: Cannot parse parameters. Did you use ',' or '|' as column separator? -1L, -1
	at junitparams.internal.InvokeParameterisedMethod.castParamsFromString(InvokeParameterisedMethod.java:51)
	at junitparams.internal.InvokeParameterisedMethod.<init>(InvokeParameterisedMethod.java:36)
	at junitparams.internal.ParameterisedTestClassRunner.buildMethodInvoker(ParameterisedTestClassRunner.java:125)
	at junitparams.internal.ParameterisedTestClassRunner.parameterisedMethodInvoker(ParameterisedTestClassRunner.java:118)
	at junitparams.JUnitParamsRunner.methodInvoker(JUnitParamsRunner.java:448)
	at org.junit.runners.BlockJUnit4ClassRunner.methodBlock(BlockJUnit4ClassRunner.java:251)
	at junitparams.JUnitParamsRunner.runChild(JUnitParamsRunner.java:417)
	at junitparams.JUnitParamsRunner.runChild(JUnitParamsRunner.java:386)
	at org.junit.runners.ParentRunner$3.run(ParentRunner.java:238)
	at org.junit.runners.ParentRunner$1.schedule(ParentRunner.java:63)
	at org.junit.runners.ParentRunner.runChildren(ParentRunner.java:236)
	at org.junit.runners.ParentRunner.access$000(ParentRunner.java:53)
	at org.junit.runners.ParentRunner$2.evaluate(ParentRunner.java:229)
	at org.junit.runners.ParentRunner.run(ParentRunner.java:309)
	at org.apache.maven.surefire.junit4.JUnit4Provider.execute(JUnit4Provider.java:365)
	at org.apache.maven.surefire.junit4.JUnit4Provider.executeWithRerun(JUnit4Provider.java:273)
	at org.apache.maven.surefire.junit4.JUnit4Provider.executeTestSet(JUnit4Provider.java:238)
	at org.apache.maven.surefire.junit4.JUnit4Provider.invoke(JUnit4Provider.java:159)
	at org.apache.maven.surefire.booter.ForkedBooter.invokeProviderInSameClassLoader(ForkedBooter.java:384)
	at org.apache.maven.surefire.booter.ForkedBooter.runSuitesInProcess(ForkedBooter.java:345)
	at org.apache.maven.surefire.booter.ForkedBooter.execute(ForkedBooter.java:126)
	at org.apache.maven.surefire.booter.ForkedBooter.main(ForkedBooter.java:418)
Caused by: java.lang.NumberFormatException: For input string: "-1L"
	at java.base/java.lang.NumberFormatException.forInputString(NumberFormatException.java:65)
	at java.base/java.lang.Long.parseLong(Long.java:692)
	at java.base/java.lang.Long.parseLong(Long.java:817)
	at junitparams.internal.InvokeParameterisedMethod.castParameterDirectly(InvokeParameterisedMethod.java:198)
	at junitparams.internal.InvokeParameterisedMethod.castAllParametersToProperTypes(InvokeParameterisedMethod.java:151)
	at junitparams.internal.InvokeParameterisedMethod.castParamsUsingConverters(InvokeParameterisedMethod.java:108)
	at junitparams.internal.InvokeParameterisedMethod.castParamsFromString(InvokeParameterisedMethod.java:49)
	... 21 more
]]></system-err>
  </testcase>
  <testcase name="[0] -1L, &apos;,&apos;, &quot;-1,&quot; (test_6)" classname="elisaverza.NewSerializeWriterTest" time="0">
    <error message="wrong number of arguments" type="java.lang.IllegalArgumentException">java.lang.IllegalArgumentException: wrong number of arguments
</error>
    <system-err><![CDATA[java.lang.IllegalArgumentException: Cannot parse parameters. Did you use ',' or '|' as column separator? -1L, ',', "-1,"
	at junitparams.internal.InvokeParameterisedMethod.castParamsFromString(InvokeParameterisedMethod.java:51)
	at junitparams.internal.InvokeParameterisedMethod.<init>(InvokeParameterisedMethod.java:36)
	at junitparams.internal.ParameterisedTestClassRunner.buildMethodInvoker(ParameterisedTestClassRunner.java:125)
	at junitparams.internal.ParameterisedTestClassRunner.parameterisedMethodInvoker(ParameterisedTestClassRunner.java:118)
	at junitparams.JUnitParamsRunner.methodInvoker(JUnitParamsRunner.java:448)
	at org.junit.runners.BlockJUnit4ClassRunner.methodBlock(BlockJUnit4ClassRunner.java:251)
	at junitparams.JUnitParamsRunner.runChild(JUnitParamsRunner.java:417)
	at junitparams.JUnitParamsRunner.runChild(JUnitParamsRunner.java:386)
	at org.junit.runners.ParentRunner$3.run(ParentRunner.java:238)
	at org.junit.runners.ParentRunner$1.schedule(ParentRunner.java:63)
	at org.junit.runners.ParentRunner.runChildren(ParentRunner.java:236)
	at org.junit.runners.ParentRunner.access$000(ParentRunner.java:53)
	at org.junit.runners.ParentRunner$2.evaluate(ParentRunner.java:229)
	at org.junit.runners.ParentRunner.run(ParentRunner.java:309)
	at org.apache.maven.surefire.junit4.JUnit4Provider.execute(JUnit4Provider.java:365)
	at org.apache.maven.surefire.junit4.JUnit4Provider.executeWithRerun(JUnit4Provider.java:273)
	at org.apache.maven.surefire.junit4.JUnit4Provider.executeTestSet(JUnit4Provider.java:238)
	at org.apache.maven.surefire.junit4.JUnit4Provider.invoke(JUnit4Provider.java:159)
	at org.apache.maven.surefire.booter.ForkedBooter.invokeProviderInSameClassLoader(ForkedBooter.java:384)
	at org.apache.maven.surefire.booter.ForkedBooter.runSuitesInProcess(ForkedBooter.java:345)
	at org.apache.maven.surefire.booter.ForkedBooter.execute(ForkedBooter.java:126)
	at org.apache.maven.surefire.booter.ForkedBooter.main(ForkedBooter.java:418)
Caused by: java.lang.IllegalArgumentException: Number of parameters inside @Parameters annotation doesn't match the number of test method parameters.
There are 5 parameters in annotation, while there's 3 parameters in the test_6 method.
	at junitparams.internal.InvokeParameterisedMethod.verifySameSizeOfArrays(InvokeParameterisedMethod.java:225)
	at junitparams.internal.InvokeParameterisedMethod.castParamsUsingConverters(InvokeParameterisedMethod.java:107)
	at junitparams.internal.InvokeParameterisedMethod.castParamsFromString(InvokeParameterisedMethod.java:49)
	... 21 more
]]></system-err>
  </testcase>
</testsuite>