<?xml version="1.0" encoding="UTF-8"?>
<testsuite xmlns:xsi="http://www.w3.org/2001/XMLSchema-instance" xsi:noNamespaceSchemaLocation="https://maven.apache.org/surefire/maven-surefire-plugin/xsd/surefire-test-report.xsd" name="elisaverza.NewSerializeWriterTest" time="0.108" tests="5" errors="3" skipped="0" failures="0">
  <properties>
    <property name="awt.toolkit" value="sun.awt.X11.XToolkit"/>
    <property name="java.specification.version" value="11"/>
    <property name="sun.cpu.isalist" value=""/>
    <property name="sun.jnu.encoding" value="UTF-8"/>
    <property name="java.class.path" value="/home/ella/vsWorkspace/fastjson/target/test-classes:/home/ella/vsWorkspace/fastjson/target/classes:/home/ella/.m2/repository/junit/junit/4.11/junit-4.11.jar:/home/ella/.m2/repository/org/hamcrest/hamcrest-core/1.3/hamcrest-core-1.3.jar:/home/ella/.m2/repository/pl/pragmatists/JUnitParams/1.0.5/JUnitParams-1.0.5.jar:/home/ella/.m2/repository/com/alibaba/fastjson/1.2.79/fastjson-1.2.79.jar:"/>
    <property name="java.vm.vendor" value="Private Build"/>
    <property name="sun.arch.data.model" value="64"/>
    <property name="java.vendor.url" value="Unknown"/>
    <property name="user.timezone" value=""/>
    <property name="java.vm.specification.version" value="11"/>
    <property name="os.name" value="Linux"/>
    <property name="sun.java.launcher" value="SUN_STANDARD"/>
    <property name="user.country" value="IT"/>
    <property name="sun.boot.library.path" value="/usr/lib/jvm/java-11-openjdk-amd64/lib"/>
    <property name="sun.java.command" value="/home/ella/vsWorkspace/fastjson/target/surefire/surefirebooter8176282679998840029.jar /home/ella/vsWorkspace/fastjson/target/surefire 2022-05-02T18-06-14_561-jvmRun1 surefire5685095554670771417tmp surefire_03480628031692122613tmp"/>
    <property name="jdk.debug" value="release"/>
    <property name="surefire.test.class.path" value="/home/ella/vsWorkspace/fastjson/target/test-classes:/home/ella/vsWorkspace/fastjson/target/classes:/home/ella/.m2/repository/junit/junit/4.11/junit-4.11.jar:/home/ella/.m2/repository/org/hamcrest/hamcrest-core/1.3/hamcrest-core-1.3.jar:/home/ella/.m2/repository/pl/pragmatists/JUnitParams/1.0.5/JUnitParams-1.0.5.jar:/home/ella/.m2/repository/com/alibaba/fastjson/1.2.79/fastjson-1.2.79.jar:"/>
    <property name="sun.cpu.endian" value="little"/>
    <property name="user.home" value="/home/ella"/>
    <property name="user.language" value="it"/>
    <property name="java.specification.vendor" value="Oracle Corporation"/>
    <property name="java.version.date" value="2022-04-19"/>
    <property name="java.home" value="/usr/lib/jvm/java-11-openjdk-amd64"/>
    <property name="file.separator" value="/"/>
    <property name="basedir" value="/home/ella/vsWorkspace/fastjson"/>
    <property name="java.vm.compressedOopsMode" value="32-bit"/>
    <property name="line.separator" value="&#10;"/>
    <property name="java.specification.name" value="Java Platform API Specification"/>
    <property name="java.vm.specification.vendor" value="Oracle Corporation"/>
    <property name="java.awt.graphicsenv" value="sun.awt.X11GraphicsEnvironment"/>
    <property name="surefire.real.class.path" value="/home/ella/vsWorkspace/fastjson/target/surefire/surefirebooter8176282679998840029.jar"/>
    <property name="sun.management.compiler" value="HotSpot 64-Bit Tiered Compilers"/>
    <property name="java.runtime.version" value="11.0.15+10-Ubuntu-0ubuntu0.20.04.1"/>
    <property name="user.name" value="ella"/>
    <property name="path.separator" value=":"/>
    <property name="os.version" value="5.13.0-40-generic"/>
    <property name="java.runtime.name" value="OpenJDK Runtime Environment"/>
    <property name="file.encoding" value="UTF-8"/>
    <property name="java.vm.name" value="OpenJDK 64-Bit Server VM"/>
    <property name="localRepository" value="/home/ella/.m2/repository"/>
    <property name="java.vendor.url.bug" value="Unknown"/>
    <property name="java.io.tmpdir" value="/tmp"/>
    <property name="java.version" value="11.0.15"/>
    <property name="user.dir" value="/home/ella/vsWorkspace/fastjson"/>
    <property name="os.arch" value="amd64"/>
    <property name="java.vm.specification.name" value="Java Virtual Machine Specification"/>
    <property name="java.awt.printerjob" value="sun.print.PSPrinterJob"/>
    <property name="sun.os.patch.level" value="unknown"/>
    <property name="java.library.path" value="/usr/java/packages/lib:/usr/lib/x86_64-linux-gnu/jni:/lib/x86_64-linux-gnu:/usr/lib/x86_64-linux-gnu:/usr/lib/jni:/lib:/usr/lib"/>
    <property name="java.vm.info" value="mixed mode, sharing"/>
    <property name="java.vendor" value="Private Build"/>
    <property name="java.vm.version" value="11.0.15+10-Ubuntu-0ubuntu0.20.04.1"/>
    <property name="sun.io.unicode.encoding" value="UnicodeLittle"/>
    <property name="java.class.version" value="55.0"/>
  </properties>
  <testcase name="[0] A, 156, 345, A156 (test_0)" classname="elisaverza.NewSerializeWriterTest" time="0.002"/>
  <testcase name="[0] -1, -1 (test_1)" classname="elisaverza.NewSerializeWriterTest" time="0.001"/>
  <testcase name="[0] -1, &apos;,&apos;, &quot;-1,&quot; (test_4)" classname="elisaverza.NewSerializeWriterTest" time="0.001">
    <error message="wrong number of arguments" type="java.lang.IllegalArgumentException">java.lang.IllegalArgumentException: wrong number of arguments
</error>
    <system-err><![CDATA[java.lang.IllegalArgumentException: Cannot parse parameters. Did you use ',' or '|' as column separator? -1, ',', "-1,"
	at junitparams.internal.InvokeParameterisedMethod.castParamsFromString(InvokeParameterisedMethod.java:51)
	at junitparams.internal.InvokeParameterisedMethod.<init>(InvokeParameterisedMethod.java:36)
	at junitparams.internal.ParameterisedTestClassRunner.buildMethodInvoker(ParameterisedTestClassRunner.java:125)
	at junitparams.internal.ParameterisedTestClassRunner.parameterisedMethodInvoker(ParameterisedTestClassRunner.java:118)
	at junitparams.JUnitParamsRunner.methodInvoker(JUnitParamsRunner.java:448)
	at org.junit.runners.BlockJUnit4ClassRunner.methodBlock(BlockJUnit4ClassRunner.java:251)
	at junitparams.JUnitParamsRunner.runChild(JUnitParamsRunner.java:417)
	at junitparams.JUnitParamsRunner.runChild(JUnitParamsRunner.java:386)
	at org.junit.runners.ParentRunner$3.run(ParentRunner.java:238)
	at org.junit.runners.ParentRunner$1.schedule(ParentRunner.java:63)
	at org.junit.runners.ParentRunner.runChildren(ParentRunner.java:236)
	at org.junit.runners.ParentRunner.access$000(ParentRunner.java:53)
	at org.junit.runners.ParentRunner$2.evaluate(ParentRunner.java:229)
	at org.junit.runners.ParentRunner.run(ParentRunner.java:309)
	at org.apache.maven.surefire.junit4.JUnit4Provider.execute(JUnit4Provider.java:365)
	at org.apache.maven.surefire.junit4.JUnit4Provider.executeWithRerun(JUnit4Provider.java:273)
	at org.apache.maven.surefire.junit4.JUnit4Provider.executeTestSet(JUnit4Provider.java:238)
	at org.apache.maven.surefire.junit4.JUnit4Provider.invoke(JUnit4Provider.java:159)
	at org.apache.maven.surefire.booter.ForkedBooter.invokeProviderInSameClassLoader(ForkedBooter.java:384)
	at org.apache.maven.surefire.booter.ForkedBooter.runSuitesInProcess(ForkedBooter.java:345)
	at org.apache.maven.surefire.booter.ForkedBooter.execute(ForkedBooter.java:126)
	at org.apache.maven.surefire.booter.ForkedBooter.main(ForkedBooter.java:418)
Caused by: java.lang.IllegalArgumentException: Number of parameters inside @Parameters annotation doesn't match the number of test method parameters.
There are 5 parameters in annotation, while there's 3 parameters in the test_4 method.
	at junitparams.internal.InvokeParameterisedMethod.verifySameSizeOfArrays(InvokeParameterisedMethod.java:225)
	at junitparams.internal.InvokeParameterisedMethod.castParamsUsingConverters(InvokeParameterisedMethod.java:107)
	at junitparams.internal.InvokeParameterisedMethod.castParamsFromString(InvokeParameterisedMethod.java:49)
	... 21 more
]]></system-err>
  </testcase>
  <testcase name="[0] -1L, -1 (test_5)" classname="elisaverza.NewSerializeWriterTest" time="0">
    <error message="argument type mismatch" type="java.lang.IllegalArgumentException">java.lang.IllegalArgumentException: argument type mismatch
</error>
    <system-err><![CDATA[java.lang.IllegalArgumentException: Cannot parse parameters. Did you use ',' or '|' as column separator? -1L, -1
	at junitparams.internal.InvokeParameterisedMethod.castParamsFromString(InvokeParameterisedMethod.java:51)
	at junitparams.internal.InvokeParameterisedMethod.<init>(InvokeParameterisedMethod.java:36)
	at junitparams.internal.ParameterisedTestClassRunner.buildMethodInvoker(ParameterisedTestClassRunner.java:125)
	at junitparams.internal.ParameterisedTestClassRunner.parameterisedMethodInvoker(ParameterisedTestClassRunner.java:118)
	at junitparams.JUnitParamsRunner.methodInvoker(JUnitParamsRunner.java:448)
	at org.junit.runners.BlockJUnit4ClassRunner.methodBlock(BlockJUnit4ClassRunner.java:251)
	at junitparams.JUnitParamsRunner.runChild(JUnitParamsRunner.java:417)
	at junitparams.JUnitParamsRunner.runChild(JUnitParamsRunner.java:386)
	at org.junit.runners.ParentRunner$3.run(ParentRunner.java:238)
	at org.junit.runners.ParentRunner$1.schedule(ParentRunner.java:63)
	at org.junit.runners.ParentRunner.runChildren(ParentRunner.java:236)
	at org.junit.runners.ParentRunner.access$000(ParentRunner.java:53)
	at org.junit.runners.ParentRunner$2.evaluate(ParentRunner.java:229)
	at org.junit.runners.ParentRunner.run(ParentRunner.java:309)
	at org.apache.maven.surefire.junit4.JUnit4Provider.execute(JUnit4Provider.java:365)
	at org.apache.maven.surefire.junit4.JUnit4Provider.executeWithRerun(JUnit4Provider.java:273)
	at org.apache.maven.surefire.junit4.JUnit4Provider.executeTestSet(JUnit4Provider.java:238)
	at org.apache.maven.surefire.junit4.JUnit4Provider.invoke(JUnit4Provider.java:159)
	at org.apache.maven.surefire.booter.ForkedBooter.invokeProviderInSameClassLoader(ForkedBooter.java:384)
	at org.apache.maven.surefire.booter.ForkedBooter.runSuitesInProcess(ForkedBooter.java:345)
	at org.apache.maven.surefire.booter.ForkedBooter.execute(ForkedBooter.java:126)
	at org.apache.maven.surefire.booter.ForkedBooter.main(ForkedBooter.java:418)
Caused by: java.lang.NumberFormatException: For input string: "-1L"
	at java.base/java.lang.NumberFormatException.forInputString(NumberFormatException.java:65)
	at java.base/java.lang.Long.parseLong(Long.java:692)
	at java.base/java.lang.Long.parseLong(Long.java:817)
	at junitparams.internal.InvokeParameterisedMethod.castParameterDirectly(InvokeParameterisedMethod.java:198)
	at junitparams.internal.InvokeParameterisedMethod.castAllParametersToProperTypes(InvokeParameterisedMethod.java:151)
	at junitparams.internal.InvokeParameterisedMethod.castParamsUsingConverters(InvokeParameterisedMethod.java:108)
	at junitparams.internal.InvokeParameterisedMethod.castParamsFromString(InvokeParameterisedMethod.java:49)
	... 21 more
]]></system-err>
  </testcase>
  <testcase name="[0] -1L, &apos;,&apos;, &quot;-1,&quot; (test_6)" classname="elisaverza.NewSerializeWriterTest" time="0">
    <error message="wrong number of arguments" type="java.lang.IllegalArgumentException">java.lang.IllegalArgumentException: wrong number of arguments
</error>
    <system-err><![CDATA[java.lang.IllegalArgumentException: Cannot parse parameters. Did you use ',' or '|' as column separator? -1L, ',', "-1,"
	at junitparams.internal.InvokeParameterisedMethod.castParamsFromString(InvokeParameterisedMethod.java:51)
	at junitparams.internal.InvokeParameterisedMethod.<init>(InvokeParameterisedMethod.java:36)
	at junitparams.internal.ParameterisedTestClassRunner.buildMethodInvoker(ParameterisedTestClassRunner.java:125)
	at junitparams.internal.ParameterisedTestClassRunner.parameterisedMethodInvoker(ParameterisedTestClassRunner.java:118)
	at junitparams.JUnitParamsRunner.methodInvoker(JUnitParamsRunner.java:448)
	at org.junit.runners.BlockJUnit4ClassRunner.methodBlock(BlockJUnit4ClassRunner.java:251)
	at junitparams.JUnitParamsRunner.runChild(JUnitParamsRunner.java:417)
	at junitparams.JUnitParamsRunner.runChild(JUnitParamsRunner.java:386)
	at org.junit.runners.ParentRunner$3.run(ParentRunner.java:238)
	at org.junit.runners.ParentRunner$1.schedule(ParentRunner.java:63)
	at org.junit.runners.ParentRunner.runChildren(ParentRunner.java:236)
	at org.junit.runners.ParentRunner.access$000(ParentRunner.java:53)
	at org.junit.runners.ParentRunner$2.evaluate(ParentRunner.java:229)
	at org.junit.runners.ParentRunner.run(ParentRunner.java:309)
	at org.apache.maven.surefire.junit4.JUnit4Provider.execute(JUnit4Provider.java:365)
	at org.apache.maven.surefire.junit4.JUnit4Provider.executeWithRerun(JUnit4Provider.java:273)
	at org.apache.maven.surefire.junit4.JUnit4Provider.executeTestSet(JUnit4Provider.java:238)
	at org.apache.maven.surefire.junit4.JUnit4Provider.invoke(JUnit4Provider.java:159)
	at org.apache.maven.surefire.booter.ForkedBooter.invokeProviderInSameClassLoader(ForkedBooter.java:384)
	at org.apache.maven.surefire.booter.ForkedBooter.runSuitesInProcess(ForkedBooter.java:345)
	at org.apache.maven.surefire.booter.ForkedBooter.execute(ForkedBooter.java:126)
	at org.apache.maven.surefire.booter.ForkedBooter.main(ForkedBooter.java:418)
Caused by: java.lang.IllegalArgumentException: Number of parameters inside @Parameters annotation doesn't match the number of test method parameters.
There are 5 parameters in annotation, while there's 3 parameters in the test_6 method.
	at junitparams.internal.InvokeParameterisedMethod.verifySameSizeOfArrays(InvokeParameterisedMethod.java:225)
	at junitparams.internal.InvokeParameterisedMethod.castParamsUsingConverters(InvokeParameterisedMethod.java:107)
	at junitparams.internal.InvokeParameterisedMethod.castParamsFromString(InvokeParameterisedMethod.java:49)
	... 21 more
]]></system-err>
  </testcase>
</testsuite>